<?xml version="1.0" encoding="UTF-8"?>
<testng-results skipped="0" failed="0" ignored="0" total="1" passed="1">
  <reporter-output>
  </reporter-output>
  <suite name="Default suite" duration-ms="9966" started-at="2021-12-09T01:01:37Z" finished-at="2021-12-09T01:01:47Z">
    <groups>
      <group name="cucumber">
        <method signature="AbstractTestNGCucumberTests.runScenario(io.cucumber.testng.PickleWrapper, io.cucumber.testng.FeatureWrapper)[pri:0, instance:com.testrunner.testrunner@7cd62f43]" name="runScenario" class="io.cucumber.testng.AbstractTestNGCucumberTests"/>
      </group> <!-- cucumber -->
    </groups>
    <test name="Default test" duration-ms="9966" started-at="2021-12-09T01:01:37Z" finished-at="2021-12-09T01:01:47Z">
      <class name="com.testrunner.testrunner">
        <test-method status="PASS" signature="setUpClass()[pri:0, instance:com.testrunner.testrunner@7cd62f43]" name="setUpClass" is-config="true" duration-ms="347" started-at="2021-12-08T20:01:37Z" finished-at="2021-12-08T20:01:37Z">
          <reporter-output>
          </reporter-output>
        </test-method> <!-- setUpClass -->
        <test-method status="PASS" signature="runScenario(io.cucumber.testng.PickleWrapper, io.cucumber.testng.FeatureWrapper)[pri:0, instance:com.testrunner.testrunner@7cd62f43]" name="runScenario" duration-ms="9578" started-at="2021-12-08T20:01:37Z" description="Runs Cucumber Scenarios" data-provider="scenarios" finished-at="2021-12-08T20:01:47Z">
          <params>
            <param index="0">
              <value>
                <![CDATA["Rent a car and fetch the quote"]]>
              </value>
            </param>
            <param index="1">
              <value>
                <![CDATA["Optional[Get an instant quote]"]]>
              </value>
            </param>
          </params>
          <reporter-output>
          </reporter-output>
        </test-method> <!-- runScenario -->
        <test-method status="PASS" signature="tearDownClass()[pri:0, instance:com.testrunner.testrunner@7cd62f43]" name="tearDownClass" is-config="true" duration-ms="15" started-at="2021-12-08T20:01:47Z" finished-at="2021-12-08T20:01:47Z">
          <reporter-output>
          </reporter-output>
        </test-method> <!-- tearDownClass -->
      </class> <!-- com.testrunner.testrunner -->
    </test> <!-- Default test -->
  </suite> <!-- Default suite -->
</testng-results>
